{"uid":"3e77ca4487a3954f","name":"#8 Test create test case","fullName":"tests.TestCasesPageTest.testCreateTestCase","historyId":"ebd95fe22ea01b1e1d9e27c7462cca91","time":{"start":1737324105220,"stop":1737324105666,"duration":446},"description":"#8 Test create test case","descriptionHtml":"<p>#8 Test create test case</p>\n","status":"failed","statusMessage":"1 expectation failed.\nExpected status code <200> but was <402>.\n","statusTrace":"java.lang.AssertionError: 1 expectation failed.\nExpected status code <200> but was <402>.\n\n\tat java.base/jdk.internal.reflect.DirectConstructorHandleAccessor.newInstance(DirectConstructorHandleAccessor.java:62)\n\tat java.base/java.lang.reflect.Constructor.newInstanceWithCaller(Constructor.java:502)\n\tat java.base/java.lang.reflect.Constructor.newInstance(Constructor.java:486)\n\tat org.codehaus.groovy.reflection.CachedConstructor.invoke(CachedConstructor.java:73)\n\tat org.codehaus.groovy.runtime.callsite.ConstructorSite$ConstructorSiteNoUnwrapNoCoerce.callConstructor(ConstructorSite.java:108)\n\tat org.codehaus.groovy.runtime.callsite.AbstractCallSite.callConstructor(AbstractCallSite.java:277)\n\tat io.restassured.internal.ResponseSpecificationImpl$HamcrestAssertionClosure.validate(ResponseSpecificationImpl.groovy:512)\n\tat io.restassured.internal.ResponseSpecificationImpl$HamcrestAssertionClosure$validate$1.call(Unknown Source)\n\tat io.restassured.internal.ResponseSpecificationImpl.validateResponseIfRequired(ResponseSpecificationImpl.groovy:696)\n\tat io.restassured.internal.ResponseSpecificationImpl.this$2$validateResponseIfRequired(ResponseSpecificationImpl.groovy)\n\tat java.base/jdk.internal.reflect.DirectMethodHandleAccessor.invoke(DirectMethodHandleAccessor.java:103)\n\tat java.base/java.lang.reflect.Method.invoke(Method.java:580)\n\tat org.codehaus.groovy.runtime.callsite.PlainObjectMetaMethodSite.doInvoke(PlainObjectMetaMethodSite.java:43)\n\tat org.codehaus.groovy.runtime.callsite.PogoMetaMethodSite$PogoCachedMethodSiteNoUnwrapNoCoerce.invoke(PogoMetaMethodSite.java:198)\n\tat org.codehaus.groovy.runtime.callsite.PogoMetaMethodSite.callCurrent(PogoMetaMethodSite.java:62)\n\tat org.codehaus.groovy.runtime.callsite.AbstractCallSite.callCurrent(AbstractCallSite.java:185)\n\tat io.restassured.internal.ResponseSpecificationImpl.statusCode(ResponseSpecificationImpl.groovy:135)\n\tat io.restassured.specification.ResponseSpecification$statusCode$0.callCurrent(Unknown Source)\n\tat io.restassured.internal.ResponseSpecificationImpl.statusCode(ResponseSpecificationImpl.groovy:143)\n\tat io.restassured.internal.ValidatableResponseOptionsImpl.statusCode(ValidatableResponseOptionsImpl.java:89)\n\tat api.adapters.base.BaseAPI.createPostRequest(BaseAPI.java:38)\n\tat api.adapters.ProjectAPI.createProject(ProjectAPI.java:23)\n\tat tests.TestCasesPageTest.testCreateTestCase(TestCasesPageTest.java:43)\n\tat java.base/jdk.internal.reflect.DirectMethodHandleAccessor.invoke(DirectMethodHandleAccessor.java:103)\n\tat java.base/java.lang.reflect.Method.invoke(Method.java:580)\n\tat org.testng.internal.MethodInvocationHelper.invokeMethod(MethodInvocationHelper.java:133)\n\tat org.testng.internal.TestInvoker.invokeMethod(TestInvoker.java:598)\n\tat org.testng.internal.TestInvoker.retryFailed(TestInvoker.java:213)\n\tat org.testng.internal.MethodRunner.runInSequence(MethodRunner.java:58)\n\tat org.testng.internal.TestInvoker$MethodInvocationAgent.invoke(TestInvoker.java:824)\n\tat org.testng.internal.TestInvoker.invokeTestMethods(TestInvoker.java:146)\n\tat org.testng.internal.TestMethodWorker.invokeTestMethods(TestMethodWorker.java:146)\n\tat org.testng.internal.TestMethodWorker.run(TestMethodWorker.java:128)\n\tat java.base/java.util.concurrent.ThreadPoolExecutor.runWorker(ThreadPoolExecutor.java:1144)\n\tat java.base/java.util.concurrent.ThreadPoolExecutor$Worker.run(ThreadPoolExecutor.java:642)\n\tat java.base/java.lang.Thread.run(Thread.java:1570)\n","flaky":false,"newFailed":true,"newBroken":false,"newPassed":false,"retriesCount":2,"retriesStatusChange":true,"beforeStages":[{"name":"setup","time":{"start":1737324089654,"stop":1737324089920,"duration":266},"description":"","status":"passed","steps":[{"name":"Open browser","time":{"start":1737324089655,"stop":1737324089920,"duration":265},"status":"passed","steps":[],"attachments":[],"parameters":[{"name":"browser","value":"chrome"},{"name":"context","value":"org.testng.TestRunner@b76c11"}],"shouldDisplayMessage":false,"stepsCount":0,"attachmentsCount":0,"hasContent":true,"attachmentStep":false}],"attachments":[],"parameters":[],"shouldDisplayMessage":false,"stepsCount":1,"attachmentsCount":0,"hasContent":true,"attachmentStep":false},{"name":"openPage","time":{"start":1737324089920,"stop":1737324090895,"duration":975},"description":"","status":"passed","steps":[{"name":"Open Projects Page","time":{"start":1737324089920,"stop":1737324090895,"duration":975},"status":"passed","steps":[],"attachments":[],"parameters":[],"shouldDisplayMessage":false,"stepsCount":0,"attachmentsCount":0,"hasContent":false,"attachmentStep":false}],"attachments":[],"parameters":[],"shouldDisplayMessage":false,"stepsCount":1,"attachmentsCount":0,"hasContent":true,"attachmentStep":false},{"name":"executePreconditions","time":{"start":1737324090895,"stop":1737324105218,"duration":14323},"description":"","status":"passed","steps":[{"name":"Doing login as precondition","time":{"start":1737324090896,"stop":1737324105218,"duration":14322},"status":"passed","steps":[],"attachments":[],"parameters":[{"name":"method","value":"public void tests.TestCasesPageTest.testCreateTestCase()"}],"shouldDisplayMessage":false,"stepsCount":0,"attachmentsCount":0,"hasContent":true,"attachmentStep":false}],"attachments":[],"parameters":[],"shouldDisplayMessage":false,"stepsCount":1,"attachmentsCount":0,"hasContent":true,"attachmentStep":false}],"testStage":{"description":"#8 Test create test case","status":"failed","statusMessage":"1 expectation failed.\nExpected status code <200> but was <402>.\n","statusTrace":"java.lang.AssertionError: 1 expectation failed.\nExpected status code <200> but was <402>.\n\n\tat java.base/jdk.internal.reflect.DirectConstructorHandleAccessor.newInstance(DirectConstructorHandleAccessor.java:62)\n\tat java.base/java.lang.reflect.Constructor.newInstanceWithCaller(Constructor.java:502)\n\tat java.base/java.lang.reflect.Constructor.newInstance(Constructor.java:486)\n\tat org.codehaus.groovy.reflection.CachedConstructor.invoke(CachedConstructor.java:73)\n\tat org.codehaus.groovy.runtime.callsite.ConstructorSite$ConstructorSiteNoUnwrapNoCoerce.callConstructor(ConstructorSite.java:108)\n\tat org.codehaus.groovy.runtime.callsite.AbstractCallSite.callConstructor(AbstractCallSite.java:277)\n\tat io.restassured.internal.ResponseSpecificationImpl$HamcrestAssertionClosure.validate(ResponseSpecificationImpl.groovy:512)\n\tat io.restassured.internal.ResponseSpecificationImpl$HamcrestAssertionClosure$validate$1.call(Unknown Source)\n\tat io.restassured.internal.ResponseSpecificationImpl.validateResponseIfRequired(ResponseSpecificationImpl.groovy:696)\n\tat io.restassured.internal.ResponseSpecificationImpl.this$2$validateResponseIfRequired(ResponseSpecificationImpl.groovy)\n\tat java.base/jdk.internal.reflect.DirectMethodHandleAccessor.invoke(DirectMethodHandleAccessor.java:103)\n\tat java.base/java.lang.reflect.Method.invoke(Method.java:580)\n\tat org.codehaus.groovy.runtime.callsite.PlainObjectMetaMethodSite.doInvoke(PlainObjectMetaMethodSite.java:43)\n\tat org.codehaus.groovy.runtime.callsite.PogoMetaMethodSite$PogoCachedMethodSiteNoUnwrapNoCoerce.invoke(PogoMetaMethodSite.java:198)\n\tat org.codehaus.groovy.runtime.callsite.PogoMetaMethodSite.callCurrent(PogoMetaMethodSite.java:62)\n\tat org.codehaus.groovy.runtime.callsite.AbstractCallSite.callCurrent(AbstractCallSite.java:185)\n\tat io.restassured.internal.ResponseSpecificationImpl.statusCode(ResponseSpecificationImpl.groovy:135)\n\tat io.restassured.specification.ResponseSpecification$statusCode$0.callCurrent(Unknown Source)\n\tat io.restassured.internal.ResponseSpecificationImpl.statusCode(ResponseSpecificationImpl.groovy:143)\n\tat io.restassured.internal.ValidatableResponseOptionsImpl.statusCode(ValidatableResponseOptionsImpl.java:89)\n\tat api.adapters.base.BaseAPI.createPostRequest(BaseAPI.java:38)\n\tat api.adapters.ProjectAPI.createProject(ProjectAPI.java:23)\n\tat tests.TestCasesPageTest.testCreateTestCase(TestCasesPageTest.java:43)\n\tat java.base/jdk.internal.reflect.DirectMethodHandleAccessor.invoke(DirectMethodHandleAccessor.java:103)\n\tat java.base/java.lang.reflect.Method.invoke(Method.java:580)\n\tat org.testng.internal.MethodInvocationHelper.invokeMethod(MethodInvocationHelper.java:133)\n\tat org.testng.internal.TestInvoker.invokeMethod(TestInvoker.java:598)\n\tat org.testng.internal.TestInvoker.retryFailed(TestInvoker.java:213)\n\tat org.testng.internal.MethodRunner.runInSequence(MethodRunner.java:58)\n\tat org.testng.internal.TestInvoker$MethodInvocationAgent.invoke(TestInvoker.java:824)\n\tat org.testng.internal.TestInvoker.invokeTestMethods(TestInvoker.java:146)\n\tat org.testng.internal.TestMethodWorker.invokeTestMethods(TestMethodWorker.java:146)\n\tat org.testng.internal.TestMethodWorker.run(TestMethodWorker.java:128)\n\tat java.base/java.util.concurrent.ThreadPoolExecutor.runWorker(ThreadPoolExecutor.java:1144)\n\tat java.base/java.util.concurrent.ThreadPoolExecutor$Worker.run(ThreadPoolExecutor.java:642)\n\tat java.base/java.lang.Thread.run(Thread.java:1570)\n","steps":[],"attachments":[{"uid":"deee59f784010a61","name":"screenshot","source":"deee59f784010a61.png","type":"image/png","size":31751}],"parameters":[],"shouldDisplayMessage":true,"stepsCount":0,"attachmentsCount":1,"hasContent":true,"attachmentStep":false},"afterStages":[{"name":"tearDown","time":{"start":1737324105672,"stop":1737324105755,"duration":83},"description":"","status":"passed","steps":[{"name":"Close browser","time":{"start":1737324105672,"stop":1737324105755,"duration":83},"status":"passed","steps":[],"attachments":[],"parameters":[],"shouldDisplayMessage":false,"stepsCount":0,"attachmentsCount":0,"hasContent":false,"attachmentStep":false}],"attachments":[],"parameters":[],"shouldDisplayMessage":false,"stepsCount":1,"attachmentsCount":0,"hasContent":true,"attachmentStep":false}],"labels":[{"name":"package","value":"tests.TestCasesPageTest"},{"name":"testClass","value":"tests.TestCasesPageTest"},{"name":"testMethod","value":"testCreateTestCase"},{"name":"parentSuite","value":"Global UI suite"},{"name":"suite","value":"Parallel Test"},{"name":"subSuite","value":"tests.TestCasesPageTest"},{"name":"host","value":"fv-az1755-737"},{"name":"thread","value":"2428@fv-az1755-737.TestNG-test=Parallel Test-1(29)"},{"name":"framework","value":"testng"},{"name":"language","value":"java"},{"name":"feature","value":"Test-case"},{"name":"owner","value":"Roman R"},{"name":"resultFormat","value":"allure2"}],"parameters":[],"links":[{"name":"https://some-tms.com/test/8","type":"tms"}],"hidden":false,"retry":false,"extra":{"severity":"normal","owner":"Roman R","retries":[{"uid":"dd00a8b35e4fbce9","status":"skipped","statusDetails":"1 expectation failed.\nExpected status code <200> but was <402>.\n","time":{"start":1737324089271,"stop":1737324089564,"duration":293}},{"uid":"be09a9b6ee3ceeba","status":"skipped","statusDetails":"1 expectation failed.\nExpected status code <200> but was <402>.\n","time":{"start":1737324072978,"stop":1737324073337,"duration":359}}],"categories":[{"name":"Product defects","matchedStatuses":[],"flaky":false}],"history":{"statistic":{"failed":2,"broken":0,"skipped":0,"passed":6,"unknown":0,"total":8},"items":[{"uid":"9f332dd66fec4535","reportUrl":"https://RomanIvanov-atom.github.io/QaseProject/70//#testresult/9f332dd66fec4535","status":"passed","time":{"start":1737324061730,"stop":1737324124353,"duration":62623}},{"uid":"36355a7ed13e7fea","reportUrl":"https://RomanIvanov-atom.github.io/QaseProject/69//#testresult/36355a7ed13e7fea","status":"passed","time":{"start":1737319961023,"stop":1737320023713,"duration":62690}},{"uid":"116771967668490c","reportUrl":"https://RomanIvanov-atom.github.io/QaseProject/68//#testresult/116771967668490c","status":"passed","time":{"start":1737313130207,"stop":1737313192515,"duration":62308}},{"uid":"6ff311bc51830926","reportUrl":"https://RomanIvanov-atom.github.io/QaseProject/67//#testresult/6ff311bc51830926","status":"passed","time":{"start":1737312224060,"stop":1737312286192,"duration":62132}},{"uid":"ecd01d3277a6c993","reportUrl":"https://RomanIvanov-atom.github.io/QaseProject/65//#testresult/ecd01d3277a6c993","status":"passed","time":{"start":1736975561698,"stop":1736975647438,"duration":85740}},{"uid":"de23cea678208c15","reportUrl":"https://RomanIvanov-atom.github.io/QaseProject/66//#testresult/de23cea678208c15","status":"failed","statusDetails":"1 expectation failed.\nExpected status code <200> but was <402>.\n","time":{"start":1736975602086,"stop":1736975602361,"duration":275}},{"uid":"b6fc6979087db0dc","reportUrl":"https://RomanIvanov-atom.github.io/QaseProject/64//#testresult/b6fc6979087db0dc","status":"passed","time":{"start":1736974963632,"stop":1736975049025,"duration":85393}}]},"tags":[]},"source":"3e77ca4487a3954f.json","parameterValues":[]}