{"uid":"597cc747582b9564","name":"testLoginWithAValidUsernameAndPassword","fullName":"tests.LoginPageTest.testLoginWithAValidUsernameAndPassword","historyId":"a016c07b4ff0f9ee77d7a9d7d5ca9794","time":{"start":1736676758234,"stop":1736676811838,"duration":53604},"status":"failed","statusMessage":"Projects Page was not loaded","statusTrace":"java.lang.AssertionError: Projects Page was not loaded\n\tat pages.ProjectsPage.pageLoading(ProjectsPage.java:30)\n\tat pages.ProjectsPage.<init>(ProjectsPage.java:13)\n\tat tests.LoginPageTest.testLoginWithAValidUsernameAndPassword(LoginPageTest.java:31)\n\tat java.base/jdk.internal.reflect.DirectMethodHandleAccessor.invoke(DirectMethodHandleAccessor.java:103)\n\tat java.base/java.lang.reflect.Method.invoke(Method.java:580)\n\tat org.testng.internal.MethodInvocationHelper.invokeMethod(MethodInvocationHelper.java:133)\n\tat org.testng.internal.TestInvoker.invokeMethod(TestInvoker.java:598)\n\tat org.testng.internal.TestInvoker.invokeTestMethod(TestInvoker.java:173)\n\tat org.testng.internal.MethodRunner.runInSequence(MethodRunner.java:46)\n\tat org.testng.internal.TestInvoker$MethodInvocationAgent.invoke(TestInvoker.java:824)\n\tat org.testng.internal.TestInvoker.invokeTestMethods(TestInvoker.java:146)\n\tat org.testng.internal.TestMethodWorker.invokeTestMethods(TestMethodWorker.java:146)\n\tat org.testng.internal.TestMethodWorker.run(TestMethodWorker.java:128)\n\tat java.base/java.util.ArrayList.forEach(ArrayList.java:1597)\n\tat org.testng.TestRunner.privateRun(TestRunner.java:794)\n\tat org.testng.TestRunner.run(TestRunner.java:596)\n\tat org.testng.SuiteRunner.runTest(SuiteRunner.java:377)\n\tat org.testng.SuiteRunner.runSequentially(SuiteRunner.java:371)\n\tat org.testng.SuiteRunner.privateRun(SuiteRunner.java:332)\n\tat org.testng.SuiteRunner.run(SuiteRunner.java:276)\n\tat org.testng.SuiteRunnerWorker.runSuite(SuiteRunnerWorker.java:53)\n\tat org.testng.SuiteRunnerWorker.run(SuiteRunnerWorker.java:96)\n\tat org.testng.TestNG.runSuitesSequentially(TestNG.java:1212)\n\tat org.testng.TestNG.runSuitesLocally(TestNG.java:1134)\n\tat org.testng.TestNG.runSuites(TestNG.java:1063)\n\tat org.testng.TestNG.run(TestNG.java:1031)\n\tat org.apache.maven.surefire.testng.TestNGExecutor.run(TestNGExecutor.java:281)\n\tat org.apache.maven.surefire.testng.TestNGXmlTestSuite.execute(TestNGXmlTestSuite.java:75)\n\tat org.apache.maven.surefire.testng.TestNGProvider.invoke(TestNGProvider.java:121)\n\tat org.apache.maven.surefire.booter.ForkedBooter.invokeProviderInSameClassLoader(ForkedBooter.java:290)\n\tat org.apache.maven.surefire.booter.ForkedBooter.runSuitesInProcess(ForkedBooter.java:242)\n\tat org.apache.maven.surefire.booter.ForkedBooter.main(ForkedBooter.java:121)\n","flaky":false,"newFailed":false,"newBroken":false,"newPassed":false,"retriesCount":0,"retriesStatusChange":false,"beforeStages":[{"name":"setup","time":{"start":1736676757161,"stop":1736676757470,"duration":309},"description":"","status":"passed","steps":[],"attachments":[],"parameters":[],"shouldDisplayMessage":false,"stepsCount":0,"attachmentsCount":0,"hasContent":false,"attachmentStep":false},{"name":"openPage","time":{"start":1736676757471,"stop":1736676758231,"duration":760},"description":"","status":"passed","steps":[],"attachments":[],"parameters":[],"shouldDisplayMessage":false,"stepsCount":0,"attachmentsCount":0,"hasContent":false,"attachmentStep":false}],"testStage":{"status":"failed","statusMessage":"Projects Page was not loaded","statusTrace":"java.lang.AssertionError: Projects Page was not loaded\n\tat pages.ProjectsPage.pageLoading(ProjectsPage.java:30)\n\tat pages.ProjectsPage.<init>(ProjectsPage.java:13)\n\tat tests.LoginPageTest.testLoginWithAValidUsernameAndPassword(LoginPageTest.java:31)\n\tat java.base/jdk.internal.reflect.DirectMethodHandleAccessor.invoke(DirectMethodHandleAccessor.java:103)\n\tat java.base/java.lang.reflect.Method.invoke(Method.java:580)\n\tat org.testng.internal.MethodInvocationHelper.invokeMethod(MethodInvocationHelper.java:133)\n\tat org.testng.internal.TestInvoker.invokeMethod(TestInvoker.java:598)\n\tat org.testng.internal.TestInvoker.invokeTestMethod(TestInvoker.java:173)\n\tat org.testng.internal.MethodRunner.runInSequence(MethodRunner.java:46)\n\tat org.testng.internal.TestInvoker$MethodInvocationAgent.invoke(TestInvoker.java:824)\n\tat org.testng.internal.TestInvoker.invokeTestMethods(TestInvoker.java:146)\n\tat org.testng.internal.TestMethodWorker.invokeTestMethods(TestMethodWorker.java:146)\n\tat org.testng.internal.TestMethodWorker.run(TestMethodWorker.java:128)\n\tat java.base/java.util.ArrayList.forEach(ArrayList.java:1597)\n\tat org.testng.TestRunner.privateRun(TestRunner.java:794)\n\tat org.testng.TestRunner.run(TestRunner.java:596)\n\tat org.testng.SuiteRunner.runTest(SuiteRunner.java:377)\n\tat org.testng.SuiteRunner.runSequentially(SuiteRunner.java:371)\n\tat org.testng.SuiteRunner.privateRun(SuiteRunner.java:332)\n\tat org.testng.SuiteRunner.run(SuiteRunner.java:276)\n\tat org.testng.SuiteRunnerWorker.runSuite(SuiteRunnerWorker.java:53)\n\tat org.testng.SuiteRunnerWorker.run(SuiteRunnerWorker.java:96)\n\tat org.testng.TestNG.runSuitesSequentially(TestNG.java:1212)\n\tat org.testng.TestNG.runSuitesLocally(TestNG.java:1134)\n\tat org.testng.TestNG.runSuites(TestNG.java:1063)\n\tat org.testng.TestNG.run(TestNG.java:1031)\n\tat org.apache.maven.surefire.testng.TestNGExecutor.run(TestNGExecutor.java:281)\n\tat org.apache.maven.surefire.testng.TestNGXmlTestSuite.execute(TestNGXmlTestSuite.java:75)\n\tat org.apache.maven.surefire.testng.TestNGProvider.invoke(TestNGProvider.java:121)\n\tat org.apache.maven.surefire.booter.ForkedBooter.invokeProviderInSameClassLoader(ForkedBooter.java:290)\n\tat org.apache.maven.surefire.booter.ForkedBooter.runSuitesInProcess(ForkedBooter.java:242)\n\tat org.apache.maven.surefire.booter.ForkedBooter.main(ForkedBooter.java:121)\n","steps":[],"attachments":[{"uid":"8ce73590dfddcfed","name":"screenshot","source":"8ce73590dfddcfed.png","type":"image/png","size":179974}],"parameters":[],"shouldDisplayMessage":true,"stepsCount":0,"attachmentsCount":1,"hasContent":true,"attachmentStep":false},"afterStages":[{"name":"tearDown","time":{"start":1736676811843,"stop":1736676811933,"duration":90},"description":"","status":"passed","steps":[],"attachments":[],"parameters":[],"shouldDisplayMessage":false,"stepsCount":0,"attachmentsCount":0,"hasContent":false,"attachmentStep":false}],"labels":[{"name":"package","value":"tests.LoginPageTest"},{"name":"testClass","value":"tests.LoginPageTest"},{"name":"testMethod","value":"testLoginWithAValidUsernameAndPassword"},{"name":"parentSuite","value":"Global suite"},{"name":"suite","value":"#2 dont work git actions. Its sad :( "},{"name":"subSuite","value":"tests.LoginPageTest"},{"name":"host","value":"fv-az566-67"},{"name":"thread","value":"2268@fv-az566-67.main(1)"},{"name":"framework","value":"testng"},{"name":"language","value":"java"},{"name":"resultFormat","value":"allure2"}],"parameters":[],"links":[],"hidden":false,"retry":false,"extra":{"severity":"normal","retries":[],"categories":[{"name":"Product defects","matchedStatuses":[],"flaky":false}],"history":{"statistic":{"failed":6,"broken":0,"skipped":0,"passed":0,"unknown":0,"total":6},"items":[{"uid":"efc253ad54fd1be4","reportUrl":"https://RomanIvanov-atom.github.io/QaseProject/33//#testresult/efc253ad54fd1be4","status":"failed","statusDetails":"Projects Page was not loaded","time":{"start":1736676164253,"stop":1736676217714,"duration":53461}},{"uid":"cebae4e92908ffb1","reportUrl":"https://RomanIvanov-atom.github.io/QaseProject/32//#testresult/cebae4e92908ffb1","status":"failed","statusDetails":"Projects Page was not loaded","time":{"start":1736675824326,"stop":1736675877837,"duration":53511}},{"uid":"1b0e568c6c9b3607","reportUrl":"https://RomanIvanov-atom.github.io/QaseProject/31//#testresult/1b0e568c6c9b3607","status":"failed","statusDetails":"Projects Page was not loaded","time":{"start":1736675283830,"stop":1736675337229,"duration":53399}},{"uid":"96cdf4995eb28500","reportUrl":"https://RomanIvanov-atom.github.io/QaseProject/30//#testresult/96cdf4995eb28500","status":"failed","statusDetails":"Projects Page was not loaded","time":{"start":1736674746693,"stop":1736674800161,"duration":53468}},{"uid":"afc66a06dfa2e052","reportUrl":"https://RomanIvanov-atom.github.io/QaseProject/30//#testresult/afc66a06dfa2e052","status":"failed","statusDetails":"Projects Page was not loaded","time":{"start":1736674392572,"stop":1736674446234,"duration":53662}}]},"tags":[]},"source":"597cc747582b9564.json","parameterValues":[]}