{"uid":"d6dd8e420a3c49ca","name":"#6 Test update project","fullName":"tests.ProjectsPageTest.testUpdateProject","historyId":"f4408d9b243b095c993a0622ff4b5d0f","time":{"start":1737324137214,"stop":1737324137545,"duration":331},"description":"#6 Test update project","descriptionHtml":"<p>#6 Test update project</p>\n","status":"failed","statusMessage":"1 expectation failed.\nExpected status code <200> but was <402>.\n","statusTrace":"java.lang.AssertionError: 1 expectation failed.\nExpected status code <200> but was <402>.\n\n\tat java.base/jdk.internal.reflect.DirectConstructorHandleAccessor.newInstance(DirectConstructorHandleAccessor.java:62)\n\tat java.base/java.lang.reflect.Constructor.newInstanceWithCaller(Constructor.java:502)\n\tat java.base/java.lang.reflect.Constructor.newInstance(Constructor.java:486)\n\tat org.codehaus.groovy.reflection.CachedConstructor.invoke(CachedConstructor.java:73)\n\tat org.codehaus.groovy.runtime.callsite.ConstructorSite$ConstructorSiteNoUnwrapNoCoerce.callConstructor(ConstructorSite.java:108)\n\tat org.codehaus.groovy.runtime.callsite.AbstractCallSite.callConstructor(AbstractCallSite.java:277)\n\tat io.restassured.internal.ResponseSpecificationImpl$HamcrestAssertionClosure.validate(ResponseSpecificationImpl.groovy:512)\n\tat io.restassured.internal.ResponseSpecificationImpl$HamcrestAssertionClosure$validate$1.call(Unknown Source)\n\tat io.restassured.internal.ResponseSpecificationImpl.validateResponseIfRequired(ResponseSpecificationImpl.groovy:696)\n\tat io.restassured.internal.ResponseSpecificationImpl.this$2$validateResponseIfRequired(ResponseSpecificationImpl.groovy)\n\tat java.base/jdk.internal.reflect.DirectMethodHandleAccessor.invoke(DirectMethodHandleAccessor.java:103)\n\tat java.base/java.lang.reflect.Method.invoke(Method.java:580)\n\tat org.codehaus.groovy.runtime.callsite.PlainObjectMetaMethodSite.doInvoke(PlainObjectMetaMethodSite.java:43)\n\tat org.codehaus.groovy.runtime.callsite.PogoMetaMethodSite$PogoCachedMethodSiteNoUnwrapNoCoerce.invoke(PogoMetaMethodSite.java:198)\n\tat org.codehaus.groovy.runtime.callsite.PogoMetaMethodSite.callCurrent(PogoMetaMethodSite.java:62)\n\tat org.codehaus.groovy.runtime.callsite.AbstractCallSite.callCurrent(AbstractCallSite.java:185)\n\tat io.restassured.internal.ResponseSpecificationImpl.statusCode(ResponseSpecificationImpl.groovy:135)\n\tat io.restassured.specification.ResponseSpecification$statusCode$0.callCurrent(Unknown Source)\n\tat io.restassured.internal.ResponseSpecificationImpl.statusCode(ResponseSpecificationImpl.groovy:143)\n\tat io.restassured.internal.ValidatableResponseOptionsImpl.statusCode(ValidatableResponseOptionsImpl.java:89)\n\tat api.adapters.base.BaseAPI.createPostRequest(BaseAPI.java:38)\n\tat api.adapters.ProjectAPI.createProject(ProjectAPI.java:23)\n\tat tests.ProjectsPageTest.testUpdateProject(ProjectsPageTest.java:53)\n\tat java.base/jdk.internal.reflect.DirectMethodHandleAccessor.invoke(DirectMethodHandleAccessor.java:103)\n\tat java.base/java.lang.reflect.Method.invoke(Method.java:580)\n\tat org.testng.internal.MethodInvocationHelper.invokeMethod(MethodInvocationHelper.java:133)\n\tat org.testng.internal.TestInvoker.invokeMethod(TestInvoker.java:598)\n\tat org.testng.internal.TestInvoker.retryFailed(TestInvoker.java:213)\n\tat org.testng.internal.MethodRunner.runInSequence(MethodRunner.java:58)\n\tat org.testng.internal.TestInvoker$MethodInvocationAgent.invoke(TestInvoker.java:824)\n\tat org.testng.internal.TestInvoker.invokeTestMethods(TestInvoker.java:146)\n\tat org.testng.internal.TestMethodWorker.invokeTestMethods(TestMethodWorker.java:146)\n\tat org.testng.internal.TestMethodWorker.run(TestMethodWorker.java:128)\n\tat java.base/java.util.concurrent.ThreadPoolExecutor.runWorker(ThreadPoolExecutor.java:1144)\n\tat java.base/java.util.concurrent.ThreadPoolExecutor$Worker.run(ThreadPoolExecutor.java:642)\n\tat java.base/java.lang.Thread.run(Thread.java:1570)\n","flaky":true,"newFailed":true,"newBroken":false,"newPassed":false,"retriesCount":2,"retriesStatusChange":true,"beforeStages":[{"name":"setup","time":{"start":1737324122188,"stop":1737324122458,"duration":270},"description":"","status":"passed","steps":[{"name":"Open browser","time":{"start":1737324122188,"stop":1737324122458,"duration":270},"status":"passed","steps":[],"attachments":[],"parameters":[{"name":"browser","value":"chrome"},{"name":"context","value":"org.testng.TestRunner@6750c5b0"}],"shouldDisplayMessage":false,"stepsCount":0,"attachmentsCount":0,"hasContent":true,"attachmentStep":false}],"attachments":[],"parameters":[],"shouldDisplayMessage":false,"stepsCount":1,"attachmentsCount":0,"hasContent":true,"attachmentStep":false},{"name":"openPage","time":{"start":1737324122458,"stop":1737324123220,"duration":762},"description":"","status":"passed","steps":[{"name":"Open Projects Page","time":{"start":1737324122458,"stop":1737324123220,"duration":762},"status":"passed","steps":[],"attachments":[],"parameters":[],"shouldDisplayMessage":false,"stepsCount":0,"attachmentsCount":0,"hasContent":false,"attachmentStep":false}],"attachments":[],"parameters":[],"shouldDisplayMessage":false,"stepsCount":1,"attachmentsCount":0,"hasContent":true,"attachmentStep":false},{"name":"executePreconditions","time":{"start":1737324123220,"stop":1737324137211,"duration":13991},"description":"","status":"passed","steps":[{"name":"Doing login as precondition","time":{"start":1737324123221,"stop":1737324137211,"duration":13990},"status":"passed","steps":[],"attachments":[],"parameters":[{"name":"method","value":"public void tests.ProjectsPageTest.testUpdateProject()"}],"shouldDisplayMessage":false,"stepsCount":0,"attachmentsCount":0,"hasContent":true,"attachmentStep":false}],"attachments":[],"parameters":[],"shouldDisplayMessage":false,"stepsCount":1,"attachmentsCount":0,"hasContent":true,"attachmentStep":false}],"testStage":{"description":"#6 Test update project","status":"failed","statusMessage":"1 expectation failed.\nExpected status code <200> but was <402>.\n","statusTrace":"java.lang.AssertionError: 1 expectation failed.\nExpected status code <200> but was <402>.\n\n\tat java.base/jdk.internal.reflect.DirectConstructorHandleAccessor.newInstance(DirectConstructorHandleAccessor.java:62)\n\tat java.base/java.lang.reflect.Constructor.newInstanceWithCaller(Constructor.java:502)\n\tat java.base/java.lang.reflect.Constructor.newInstance(Constructor.java:486)\n\tat org.codehaus.groovy.reflection.CachedConstructor.invoke(CachedConstructor.java:73)\n\tat org.codehaus.groovy.runtime.callsite.ConstructorSite$ConstructorSiteNoUnwrapNoCoerce.callConstructor(ConstructorSite.java:108)\n\tat org.codehaus.groovy.runtime.callsite.AbstractCallSite.callConstructor(AbstractCallSite.java:277)\n\tat io.restassured.internal.ResponseSpecificationImpl$HamcrestAssertionClosure.validate(ResponseSpecificationImpl.groovy:512)\n\tat io.restassured.internal.ResponseSpecificationImpl$HamcrestAssertionClosure$validate$1.call(Unknown Source)\n\tat io.restassured.internal.ResponseSpecificationImpl.validateResponseIfRequired(ResponseSpecificationImpl.groovy:696)\n\tat io.restassured.internal.ResponseSpecificationImpl.this$2$validateResponseIfRequired(ResponseSpecificationImpl.groovy)\n\tat java.base/jdk.internal.reflect.DirectMethodHandleAccessor.invoke(DirectMethodHandleAccessor.java:103)\n\tat java.base/java.lang.reflect.Method.invoke(Method.java:580)\n\tat org.codehaus.groovy.runtime.callsite.PlainObjectMetaMethodSite.doInvoke(PlainObjectMetaMethodSite.java:43)\n\tat org.codehaus.groovy.runtime.callsite.PogoMetaMethodSite$PogoCachedMethodSiteNoUnwrapNoCoerce.invoke(PogoMetaMethodSite.java:198)\n\tat org.codehaus.groovy.runtime.callsite.PogoMetaMethodSite.callCurrent(PogoMetaMethodSite.java:62)\n\tat org.codehaus.groovy.runtime.callsite.AbstractCallSite.callCurrent(AbstractCallSite.java:185)\n\tat io.restassured.internal.ResponseSpecificationImpl.statusCode(ResponseSpecificationImpl.groovy:135)\n\tat io.restassured.specification.ResponseSpecification$statusCode$0.callCurrent(Unknown Source)\n\tat io.restassured.internal.ResponseSpecificationImpl.statusCode(ResponseSpecificationImpl.groovy:143)\n\tat io.restassured.internal.ValidatableResponseOptionsImpl.statusCode(ValidatableResponseOptionsImpl.java:89)\n\tat api.adapters.base.BaseAPI.createPostRequest(BaseAPI.java:38)\n\tat api.adapters.ProjectAPI.createProject(ProjectAPI.java:23)\n\tat tests.ProjectsPageTest.testUpdateProject(ProjectsPageTest.java:53)\n\tat java.base/jdk.internal.reflect.DirectMethodHandleAccessor.invoke(DirectMethodHandleAccessor.java:103)\n\tat java.base/java.lang.reflect.Method.invoke(Method.java:580)\n\tat org.testng.internal.MethodInvocationHelper.invokeMethod(MethodInvocationHelper.java:133)\n\tat org.testng.internal.TestInvoker.invokeMethod(TestInvoker.java:598)\n\tat org.testng.internal.TestInvoker.retryFailed(TestInvoker.java:213)\n\tat org.testng.internal.MethodRunner.runInSequence(MethodRunner.java:58)\n\tat org.testng.internal.TestInvoker$MethodInvocationAgent.invoke(TestInvoker.java:824)\n\tat org.testng.internal.TestInvoker.invokeTestMethods(TestInvoker.java:146)\n\tat org.testng.internal.TestMethodWorker.invokeTestMethods(TestMethodWorker.java:146)\n\tat org.testng.internal.TestMethodWorker.run(TestMethodWorker.java:128)\n\tat java.base/java.util.concurrent.ThreadPoolExecutor.runWorker(ThreadPoolExecutor.java:1144)\n\tat java.base/java.util.concurrent.ThreadPoolExecutor$Worker.run(ThreadPoolExecutor.java:642)\n\tat java.base/java.lang.Thread.run(Thread.java:1570)\n","steps":[],"attachments":[{"uid":"840c5c4fbdae8248","name":"screenshot","source":"840c5c4fbdae8248.png","type":"image/png","size":178654}],"parameters":[],"shouldDisplayMessage":true,"stepsCount":0,"attachmentsCount":1,"hasContent":true,"attachmentStep":false},"afterStages":[{"name":"tearDown","time":{"start":1737324137552,"stop":1737324137641,"duration":89},"description":"","status":"passed","steps":[{"name":"Close browser","time":{"start":1737324137552,"stop":1737324137641,"duration":89},"status":"passed","steps":[],"attachments":[],"parameters":[],"shouldDisplayMessage":false,"stepsCount":0,"attachmentsCount":0,"hasContent":false,"attachmentStep":false}],"attachments":[],"parameters":[],"shouldDisplayMessage":false,"stepsCount":1,"attachmentsCount":0,"hasContent":true,"attachmentStep":false}],"labels":[{"name":"package","value":"tests.ProjectsPageTest"},{"name":"testClass","value":"tests.ProjectsPageTest"},{"name":"testMethod","value":"testUpdateProject"},{"name":"parentSuite","value":"Global UI suite"},{"name":"suite","value":"Parallel Test"},{"name":"subSuite","value":"tests.ProjectsPageTest"},{"name":"host","value":"fv-az1937-236"},{"name":"thread","value":"2457@fv-az1937-236.TestNG-test=Parallel Test-2(30)"},{"name":"framework","value":"testng"},{"name":"language","value":"java"},{"name":"feature","value":"Projects"},{"name":"owner","value":"Roman R"},{"name":"resultFormat","value":"allure2"}],"parameters":[],"links":[{"name":"https://some-tms.com/test/6","type":"tms"}],"hidden":false,"retry":false,"extra":{"severity":"normal","owner":"Roman R","retries":[{"uid":"84ba9db808831713","status":"skipped","statusDetails":"1 expectation failed.\nExpected status code <200> but was <402>.\n","time":{"start":1737324121896,"stop":1737324122103,"duration":207}},{"uid":"87591a4dbae7dc74","status":"skipped","statusDetails":"1 expectation failed.\nExpected status code <200> but was <402>.\n","time":{"start":1737324106282,"stop":1737324106642,"duration":360}}],"categories":[{"name":"Product defects","matchedStatuses":[],"flaky":false}],"history":{"statistic":{"failed":2,"broken":0,"skipped":0,"passed":5,"unknown":0,"total":7},"items":[{"uid":"e29479d13b3a86e4","reportUrl":"https://RomanIvanov-atom.github.io/QaseProject/69//#testresult/e29479d13b3a86e4","status":"passed","time":{"start":1737320006636,"stop":1737320062451,"duration":55815}},{"uid":"12bc0282a1c99bb7","reportUrl":"https://RomanIvanov-atom.github.io/QaseProject/68//#testresult/12bc0282a1c99bb7","status":"passed","time":{"start":1737313175361,"stop":1737313230971,"duration":55610}},{"uid":"c065837bd4dcaa6b","reportUrl":"https://RomanIvanov-atom.github.io/QaseProject/67//#testresult/c065837bd4dcaa6b","status":"passed","time":{"start":1737312268164,"stop":1737312324002,"duration":55838}},{"uid":"17c2b3abd3934178","reportUrl":"https://RomanIvanov-atom.github.io/QaseProject/65//#testresult/17c2b3abd3934178","status":"passed","time":{"start":1736975594267,"stop":1736975650057,"duration":55790}},{"uid":"ba4811fc5d991714","reportUrl":"https://RomanIvanov-atom.github.io/QaseProject/66//#testresult/ba4811fc5d991714","status":"failed","statusDetails":"1 expectation failed.\nExpected status code <200> but was <402>.\n","time":{"start":1736975644661,"stop":1736975644911,"duration":250}},{"uid":"bf18386afc62525f","reportUrl":"https://RomanIvanov-atom.github.io/QaseProject/64//#testresult/bf18386afc62525f","status":"passed","time":{"start":1736975010391,"stop":1736975066366,"duration":55975}}]},"tags":[]},"source":"d6dd8e420a3c49ca.json","parameterValues":[]}