{"uid":"f4739d5ecd1769a1","name":"#5 Test create project","fullName":"tests.ProjectsPageTest.createProjectTest","historyId":"b932c56603bc9708db62801ce7376850","time":{"start":1736773135956,"stop":1736773166661,"duration":30705},"description":"#5 Test create project","descriptionHtml":"<p>#5 Test create project</p>\n","status":"failed","statusMessage":"Projects Page was not loaded","statusTrace":"java.lang.AssertionError: Projects Page was not loaded\n\tat pages.CreateProjectPage.pageLoading(CreateProjectPage.java:36)\n\tat pages.CreateProjectPage.<init>(CreateProjectPage.java:15)\n\tat pages.ProjectsPage.clickCreateProjectButton(ProjectsPage.java:42)\n\tat tests.ProjectsPageTest.createProjectTest(ProjectsPageTest.java:29)\n\tat java.base/jdk.internal.reflect.DirectMethodHandleAccessor.invoke(DirectMethodHandleAccessor.java:103)\n\tat java.base/java.lang.reflect.Method.invoke(Method.java:580)\n\tat org.testng.internal.MethodInvocationHelper.invokeMethod(MethodInvocationHelper.java:133)\n\tat org.testng.internal.TestInvoker.invokeMethod(TestInvoker.java:598)\n\tat org.testng.internal.TestInvoker.invokeTestMethod(TestInvoker.java:173)\n\tat org.testng.internal.MethodRunner.runInSequence(MethodRunner.java:46)\n\tat org.testng.internal.TestInvoker$MethodInvocationAgent.invoke(TestInvoker.java:824)\n\tat org.testng.internal.TestInvoker.invokeTestMethods(TestInvoker.java:146)\n\tat org.testng.internal.TestMethodWorker.invokeTestMethods(TestMethodWorker.java:146)\n\tat org.testng.internal.TestMethodWorker.run(TestMethodWorker.java:128)\n\tat java.base/java.util.ArrayList.forEach(ArrayList.java:1597)\n\tat org.testng.TestRunner.privateRun(TestRunner.java:794)\n\tat org.testng.TestRunner.run(TestRunner.java:596)\n\tat org.testng.SuiteRunner.runTest(SuiteRunner.java:377)\n\tat org.testng.SuiteRunner.runSequentially(SuiteRunner.java:371)\n\tat org.testng.SuiteRunner.privateRun(SuiteRunner.java:332)\n\tat org.testng.SuiteRunner.run(SuiteRunner.java:276)\n\tat org.testng.SuiteRunnerWorker.runSuite(SuiteRunnerWorker.java:53)\n\tat org.testng.SuiteRunnerWorker.run(SuiteRunnerWorker.java:96)\n\tat org.testng.TestNG.runSuitesSequentially(TestNG.java:1212)\n\tat org.testng.TestNG.runSuitesSequentially(TestNG.java:1207)\n\tat org.testng.TestNG.runSuitesLocally(TestNG.java:1134)\n\tat org.testng.TestNG.runSuites(TestNG.java:1063)\n\tat org.testng.TestNG.run(TestNG.java:1031)\n\tat org.apache.maven.surefire.testng.TestNGExecutor.run(TestNGExecutor.java:281)\n\tat org.apache.maven.surefire.testng.TestNGXmlTestSuite.execute(TestNGXmlTestSuite.java:75)\n\tat org.apache.maven.surefire.testng.TestNGProvider.invoke(TestNGProvider.java:121)\n\tat org.apache.maven.surefire.booter.ForkedBooter.invokeProviderInSameClassLoader(ForkedBooter.java:290)\n\tat org.apache.maven.surefire.booter.ForkedBooter.runSuitesInProcess(ForkedBooter.java:242)\n\tat org.apache.maven.surefire.booter.ForkedBooter.main(ForkedBooter.java:121)\n","flaky":true,"newFailed":true,"newBroken":false,"newPassed":false,"retriesCount":0,"retriesStatusChange":false,"beforeStages":[{"name":"setup","time":{"start":1736773120068,"stop":1736773120346,"duration":278},"description":"","status":"passed","steps":[{"name":"Open browser","time":{"start":1736773120068,"stop":1736773120346,"duration":278},"status":"passed","steps":[],"attachments":[],"parameters":[{"name":"browser","value":"chrome"},{"name":"context","value":"org.testng.TestRunner@1d0acb8f"}],"shouldDisplayMessage":false,"stepsCount":0,"attachmentsCount":0,"hasContent":true,"attachmentStep":false}],"attachments":[],"parameters":[],"shouldDisplayMessage":false,"stepsCount":1,"attachmentsCount":0,"hasContent":true,"attachmentStep":false},{"name":"openPage","time":{"start":1736773120346,"stop":1736773121467,"duration":1121},"description":"","status":"passed","steps":[{"name":"Open Projects Page","time":{"start":1736773120347,"stop":1736773121467,"duration":1120},"status":"passed","steps":[],"attachments":[],"parameters":[],"shouldDisplayMessage":false,"stepsCount":0,"attachmentsCount":0,"hasContent":false,"attachmentStep":false}],"attachments":[],"parameters":[],"shouldDisplayMessage":false,"stepsCount":1,"attachmentsCount":0,"hasContent":true,"attachmentStep":false},{"name":"executePreconditions","time":{"start":1736773121468,"stop":1736773135952,"duration":14484},"description":"","status":"passed","steps":[{"name":"Doing login as precondition","time":{"start":1736773121468,"stop":1736773135952,"duration":14484},"status":"passed","steps":[],"attachments":[],"parameters":[{"name":"method","value":"public void tests.ProjectsPageTest.createProjectTest()"}],"shouldDisplayMessage":false,"stepsCount":0,"attachmentsCount":0,"hasContent":true,"attachmentStep":false}],"attachments":[],"parameters":[],"shouldDisplayMessage":false,"stepsCount":1,"attachmentsCount":0,"hasContent":true,"attachmentStep":false}],"testStage":{"description":"#5 Test create project","status":"failed","statusMessage":"Projects Page was not loaded","statusTrace":"java.lang.AssertionError: Projects Page was not loaded\n\tat pages.CreateProjectPage.pageLoading(CreateProjectPage.java:36)\n\tat pages.CreateProjectPage.<init>(CreateProjectPage.java:15)\n\tat pages.ProjectsPage.clickCreateProjectButton(ProjectsPage.java:42)\n\tat tests.ProjectsPageTest.createProjectTest(ProjectsPageTest.java:29)\n\tat java.base/jdk.internal.reflect.DirectMethodHandleAccessor.invoke(DirectMethodHandleAccessor.java:103)\n\tat java.base/java.lang.reflect.Method.invoke(Method.java:580)\n\tat org.testng.internal.MethodInvocationHelper.invokeMethod(MethodInvocationHelper.java:133)\n\tat org.testng.internal.TestInvoker.invokeMethod(TestInvoker.java:598)\n\tat org.testng.internal.TestInvoker.invokeTestMethod(TestInvoker.java:173)\n\tat org.testng.internal.MethodRunner.runInSequence(MethodRunner.java:46)\n\tat org.testng.internal.TestInvoker$MethodInvocationAgent.invoke(TestInvoker.java:824)\n\tat org.testng.internal.TestInvoker.invokeTestMethods(TestInvoker.java:146)\n\tat org.testng.internal.TestMethodWorker.invokeTestMethods(TestMethodWorker.java:146)\n\tat org.testng.internal.TestMethodWorker.run(TestMethodWorker.java:128)\n\tat java.base/java.util.ArrayList.forEach(ArrayList.java:1597)\n\tat org.testng.TestRunner.privateRun(TestRunner.java:794)\n\tat org.testng.TestRunner.run(TestRunner.java:596)\n\tat org.testng.SuiteRunner.runTest(SuiteRunner.java:377)\n\tat org.testng.SuiteRunner.runSequentially(SuiteRunner.java:371)\n\tat org.testng.SuiteRunner.privateRun(SuiteRunner.java:332)\n\tat org.testng.SuiteRunner.run(SuiteRunner.java:276)\n\tat org.testng.SuiteRunnerWorker.runSuite(SuiteRunnerWorker.java:53)\n\tat org.testng.SuiteRunnerWorker.run(SuiteRunnerWorker.java:96)\n\tat org.testng.TestNG.runSuitesSequentially(TestNG.java:1212)\n\tat org.testng.TestNG.runSuitesSequentially(TestNG.java:1207)\n\tat org.testng.TestNG.runSuitesLocally(TestNG.java:1134)\n\tat org.testng.TestNG.runSuites(TestNG.java:1063)\n\tat org.testng.TestNG.run(TestNG.java:1031)\n\tat org.apache.maven.surefire.testng.TestNGExecutor.run(TestNGExecutor.java:281)\n\tat org.apache.maven.surefire.testng.TestNGXmlTestSuite.execute(TestNGXmlTestSuite.java:75)\n\tat org.apache.maven.surefire.testng.TestNGProvider.invoke(TestNGProvider.java:121)\n\tat org.apache.maven.surefire.booter.ForkedBooter.invokeProviderInSameClassLoader(ForkedBooter.java:290)\n\tat org.apache.maven.surefire.booter.ForkedBooter.runSuitesInProcess(ForkedBooter.java:242)\n\tat org.apache.maven.surefire.booter.ForkedBooter.main(ForkedBooter.java:121)\n","steps":[],"attachments":[{"uid":"bb95307dcb538a3c","name":"screenshot","source":"bb95307dcb538a3c.png","type":"image/png","size":82299}],"parameters":[],"shouldDisplayMessage":true,"stepsCount":0,"attachmentsCount":1,"hasContent":true,"attachmentStep":false},"afterStages":[{"name":"tearDown","time":{"start":1736773166662,"stop":1736773166746,"duration":84},"description":"","status":"passed","steps":[{"name":"Close browser","time":{"start":1736773166663,"stop":1736773166746,"duration":83},"status":"passed","steps":[],"attachments":[],"parameters":[],"shouldDisplayMessage":false,"stepsCount":0,"attachmentsCount":0,"hasContent":false,"attachmentStep":false}],"attachments":[],"parameters":[],"shouldDisplayMessage":false,"stepsCount":1,"attachmentsCount":0,"hasContent":true,"attachmentStep":false}],"labels":[{"name":"package","value":"tests.ProjectsPageTest"},{"name":"testClass","value":"tests.ProjectsPageTest"},{"name":"testMethod","value":"createProjectTest"},{"name":"parentSuite","value":"Projects page"},{"name":"suite","value":"#5 Test create project"},{"name":"subSuite","value":"tests.ProjectsPageTest"},{"name":"host","value":"fv-az1429-334"},{"name":"thread","value":"2294@fv-az1429-334.main(1)"},{"name":"framework","value":"testng"},{"name":"language","value":"java"},{"name":"resultFormat","value":"allure2"}],"parameters":[],"links":[],"hidden":false,"retry":false,"extra":{"severity":"normal","retries":[],"categories":[{"name":"Product defects","matchedStatuses":[],"flaky":false}],"history":{"statistic":{"failed":2,"broken":0,"skipped":0,"passed":1,"unknown":0,"total":3},"items":[{"uid":"b1fe83d9b19ade01","reportUrl":"https://RomanIvanov-atom.github.io/QaseProject/45//#testresult/b1fe83d9b19ade01","status":"passed","time":{"start":1736772422037,"stop":1736772465348,"duration":43311}},{"uid":"388fe8d53d92781f","reportUrl":"https://RomanIvanov-atom.github.io/QaseProject/45//#testresult/388fe8d53d92781f","status":"failed","statusDetails":"Projects Page was not loaded","time":{"start":1736772171629,"stop":1736772202523,"duration":30894}}]},"tags":[]},"source":"f4739d5ecd1769a1.json","parameterValues":[]}