{"uid":"c67b405a92e01128","name":"#6 Test update project","fullName":"tests.ProjectsPageTest.updateProjectTest","historyId":"54afe817b6429d709feaab10fcbc0cce","time":{"start":1736798069203,"stop":1736798136501,"duration":67298},"description":"#6 Test update project","descriptionHtml":"<p>#6 Test update project</p>\n","status":"failed","statusMessage":"Updated project wasn't found in projects list expected [true] but found [false]","statusTrace":"java.lang.AssertionError: Updated project wasn't found in projects list expected [true] but found [false]\n\tat org.testng.Assert.fail(Assert.java:99)\n\tat org.testng.Assert.failNotEquals(Assert.java:1037)\n\tat org.testng.Assert.assertTrue(Assert.java:45)\n\tat tests.ProjectsPageTest.updateProjectTest(ProjectsPageTest.java:61)\n\tat java.base/jdk.internal.reflect.DirectMethodHandleAccessor.invoke(DirectMethodHandleAccessor.java:103)\n\tat java.base/java.lang.reflect.Method.invoke(Method.java:580)\n\tat org.testng.internal.MethodInvocationHelper.invokeMethod(MethodInvocationHelper.java:133)\n\tat org.testng.internal.TestInvoker.invokeMethod(TestInvoker.java:598)\n\tat org.testng.internal.TestInvoker.retryFailed(TestInvoker.java:213)\n\tat org.testng.internal.MethodRunner.runInSequence(MethodRunner.java:58)\n\tat org.testng.internal.TestInvoker$MethodInvocationAgent.invoke(TestInvoker.java:824)\n\tat org.testng.internal.TestInvoker.invokeTestMethods(TestInvoker.java:146)\n\tat org.testng.internal.TestMethodWorker.invokeTestMethods(TestMethodWorker.java:146)\n\tat org.testng.internal.TestMethodWorker.run(TestMethodWorker.java:128)\n\tat java.base/java.util.concurrent.ThreadPoolExecutor.runWorker(ThreadPoolExecutor.java:1144)\n\tat java.base/java.util.concurrent.ThreadPoolExecutor$Worker.run(ThreadPoolExecutor.java:642)\n\tat java.base/java.lang.Thread.run(Thread.java:1570)\n","flaky":true,"newFailed":true,"newBroken":false,"newPassed":false,"retriesCount":2,"retriesStatusChange":true,"beforeStages":[{"name":"setup","time":{"start":1736798053200,"stop":1736798053478,"duration":278},"description":"","status":"passed","steps":[{"name":"Open browser","time":{"start":1736798053200,"stop":1736798053478,"duration":278},"status":"passed","steps":[],"attachments":[],"parameters":[{"name":"browser","value":"chrome"},{"name":"context","value":"org.testng.TestRunner@62432790"}],"shouldDisplayMessage":false,"stepsCount":0,"attachmentsCount":0,"hasContent":true,"attachmentStep":false}],"attachments":[],"parameters":[],"shouldDisplayMessage":false,"stepsCount":1,"attachmentsCount":0,"hasContent":true,"attachmentStep":false},{"name":"openPage","time":{"start":1736798053479,"stop":1736798054698,"duration":1219},"description":"","status":"passed","steps":[{"name":"Open Projects Page","time":{"start":1736798053479,"stop":1736798054698,"duration":1219},"status":"passed","steps":[],"attachments":[],"parameters":[],"shouldDisplayMessage":false,"stepsCount":0,"attachmentsCount":0,"hasContent":false,"attachmentStep":false}],"attachments":[],"parameters":[],"shouldDisplayMessage":false,"stepsCount":1,"attachmentsCount":0,"hasContent":true,"attachmentStep":false},{"name":"executePreconditions","time":{"start":1736798054699,"stop":1736798069201,"duration":14502},"description":"","status":"passed","steps":[{"name":"Doing login as precondition","time":{"start":1736798054699,"stop":1736798069201,"duration":14502},"status":"passed","steps":[],"attachments":[],"parameters":[{"name":"method","value":"public void tests.ProjectsPageTest.updateProjectTest()"}],"shouldDisplayMessage":false,"stepsCount":0,"attachmentsCount":0,"hasContent":true,"attachmentStep":false}],"attachments":[],"parameters":[],"shouldDisplayMessage":false,"stepsCount":1,"attachmentsCount":0,"hasContent":true,"attachmentStep":false}],"testStage":{"description":"#6 Test update project","status":"failed","statusMessage":"Updated project wasn't found in projects list expected [true] but found [false]","statusTrace":"java.lang.AssertionError: Updated project wasn't found in projects list expected [true] but found [false]\n\tat org.testng.Assert.fail(Assert.java:99)\n\tat org.testng.Assert.failNotEquals(Assert.java:1037)\n\tat org.testng.Assert.assertTrue(Assert.java:45)\n\tat tests.ProjectsPageTest.updateProjectTest(ProjectsPageTest.java:61)\n\tat java.base/jdk.internal.reflect.DirectMethodHandleAccessor.invoke(DirectMethodHandleAccessor.java:103)\n\tat java.base/java.lang.reflect.Method.invoke(Method.java:580)\n\tat org.testng.internal.MethodInvocationHelper.invokeMethod(MethodInvocationHelper.java:133)\n\tat org.testng.internal.TestInvoker.invokeMethod(TestInvoker.java:598)\n\tat org.testng.internal.TestInvoker.retryFailed(TestInvoker.java:213)\n\tat org.testng.internal.MethodRunner.runInSequence(MethodRunner.java:58)\n\tat org.testng.internal.TestInvoker$MethodInvocationAgent.invoke(TestInvoker.java:824)\n\tat org.testng.internal.TestInvoker.invokeTestMethods(TestInvoker.java:146)\n\tat org.testng.internal.TestMethodWorker.invokeTestMethods(TestMethodWorker.java:146)\n\tat org.testng.internal.TestMethodWorker.run(TestMethodWorker.java:128)\n\tat java.base/java.util.concurrent.ThreadPoolExecutor.runWorker(ThreadPoolExecutor.java:1144)\n\tat java.base/java.util.concurrent.ThreadPoolExecutor$Worker.run(ThreadPoolExecutor.java:642)\n\tat java.base/java.lang.Thread.run(Thread.java:1570)\n","steps":[],"attachments":[{"uid":"ef1d47cb62565ddf","name":"screenshot","source":"ef1d47cb62565ddf.png","type":"image/png","size":46329}],"parameters":[],"shouldDisplayMessage":true,"stepsCount":0,"attachmentsCount":1,"hasContent":true,"attachmentStep":false},"afterStages":[{"name":"tearDown","time":{"start":1736798136508,"stop":1736798136607,"duration":99},"description":"","status":"passed","steps":[{"name":"Close browser","time":{"start":1736798136508,"stop":1736798136607,"duration":99},"status":"passed","steps":[],"attachments":[],"parameters":[],"shouldDisplayMessage":false,"stepsCount":0,"attachmentsCount":0,"hasContent":false,"attachmentStep":false}],"attachments":[],"parameters":[],"shouldDisplayMessage":false,"stepsCount":1,"attachmentsCount":0,"hasContent":true,"attachmentStep":false}],"labels":[{"name":"package","value":"tests.ProjectsPageTest"},{"name":"testClass","value":"tests.ProjectsPageTest"},{"name":"testMethod","value":"updateProjectTest"},{"name":"parentSuite","value":"Global UI suite"},{"name":"suite","value":"Parallel Test"},{"name":"subSuite","value":"tests.ProjectsPageTest"},{"name":"host","value":"fv-az1766-43"},{"name":"thread","value":"2265@fv-az1766-43.TestNG-test=Parallel Test-2(30)"},{"name":"framework","value":"testng"},{"name":"language","value":"java"},{"name":"resultFormat","value":"allure2"}],"parameters":[],"links":[],"hidden":false,"retry":false,"extra":{"severity":"normal","retries":[{"uid":"900b7cfee670ab03","status":"skipped","statusDetails":"1 expectation failed.\nExpected status code <200> but was <402>.\n","time":{"start":1736798052857,"stop":1736798053116,"duration":259}},{"uid":"cd66c78466c3474b","status":"skipped","statusDetails":"1 expectation failed.\nExpected status code <200> but was <402>.\n","time":{"start":1736798036708,"stop":1736798037106,"duration":398}}],"categories":[{"name":"Product defects","matchedStatuses":[],"flaky":false}],"history":{"statistic":{"failed":7,"broken":0,"skipped":0,"passed":4,"unknown":0,"total":11},"items":[{"uid":"cb890e57aa8c0c11","reportUrl":"https://RomanIvanov-atom.github.io/QaseProject/58//#testresult/cb890e57aa8c0c11","status":"passed","time":{"start":1736790441625,"stop":1736790497671,"duration":56046}},{"uid":"14b900861178f366","reportUrl":"https://RomanIvanov-atom.github.io/QaseProject/57//#testresult/14b900861178f366","status":"passed","time":{"start":1736790188673,"stop":1736790245912,"duration":57239}},{"uid":"ff5db8183fc233e7","reportUrl":"https://RomanIvanov-atom.github.io/QaseProject/56//#testresult/ff5db8183fc233e7","status":"passed","time":{"start":1736789574572,"stop":1736789630670,"duration":56098}},{"uid":"adf851f64557b015","reportUrl":"https://RomanIvanov-atom.github.io/QaseProject/55//#testresult/adf851f64557b015","status":"failed","statusDetails":"1 expectation failed.\nExpected status code <200> but was <404>.\n","time":{"start":1736789136095,"stop":1736789192251,"duration":56156}},{"uid":"696fa96c94fbe997","reportUrl":"https://RomanIvanov-atom.github.io/QaseProject/54//#testresult/696fa96c94fbe997","status":"passed","time":{"start":1736787208190,"stop":1736787264362,"duration":56172}},{"uid":"9895c295e1be4768","reportUrl":"https://RomanIvanov-atom.github.io/QaseProject/53//#testresult/9895c295e1be4768","status":"failed","statusDetails":"1 expectation failed.\nExpected status code <200> but was <402>.\n","time":{"start":1736787021390,"stop":1736787021820,"duration":430}},{"uid":"9cb220e22d7777f7","reportUrl":"https://RomanIvanov-atom.github.io/QaseProject/52//#testresult/9cb220e22d7777f7","status":"failed","statusDetails":"1 expectation failed.\nExpected status code <200> but was <402>.\n","time":{"start":1736786591073,"stop":1736786591413,"duration":340}},{"uid":"7b71041df6cb1721","reportUrl":"https://RomanIvanov-atom.github.io/QaseProject/51//#testresult/7b71041df6cb1721","status":"failed","statusDetails":"1 expectation failed.\nExpected status code <200> but was <402>.\n","time":{"start":1736785559242,"stop":1736785559504,"duration":262}},{"uid":"d13e75c8a11fe008","reportUrl":"https://RomanIvanov-atom.github.io/QaseProject/50//#testresult/d13e75c8a11fe008","status":"failed","statusDetails":"1 expectation failed.\nExpected status code <200> but was <402>.\n","time":{"start":1736785251520,"stop":1736785251791,"duration":271}},{"uid":"17ea6c4cfe3ef970","reportUrl":"https://RomanIvanov-atom.github.io/QaseProject/49//#testresult/17ea6c4cfe3ef970","status":"failed","statusDetails":"1 expectation failed.\nExpected status code <200> but was <402>.\n","time":{"start":1736784456138,"stop":1736784456433,"duration":295}}]},"tags":[]},"source":"c67b405a92e01128.json","parameterValues":[]}