{"uid":"2b9b015b78595978","name":"#5 Test create project","fullName":"tests.ProjectsPageTest.createProjectTest","historyId":"b932c56603bc9708db62801ce7376850","time":{"start":1736790119041,"stop":1736790173492,"duration":54451},"description":"#5 Test create project","descriptionHtml":"<p>#5 Test create project</p>\n","status":"failed","statusMessage":"Created project wasn't found in projects list expected [true] but found [false]","statusTrace":"java.lang.AssertionError: Created project wasn't found in projects list expected [true] but found [false]\n\tat org.testng.Assert.fail(Assert.java:99)\n\tat org.testng.Assert.failNotEquals(Assert.java:1037)\n\tat org.testng.Assert.assertTrue(Assert.java:45)\n\tat tests.ProjectsPageTest.createProjectTest(ProjectsPageTest.java:36)\n\tat java.base/jdk.internal.reflect.DirectMethodHandleAccessor.invoke(DirectMethodHandleAccessor.java:103)\n\tat java.base/java.lang.reflect.Method.invoke(Method.java:580)\n\tat org.testng.internal.MethodInvocationHelper.invokeMethod(MethodInvocationHelper.java:133)\n\tat org.testng.internal.TestInvoker.invokeMethod(TestInvoker.java:598)\n\tat org.testng.internal.TestInvoker.invokeTestMethod(TestInvoker.java:173)\n\tat org.testng.internal.MethodRunner.runInSequence(MethodRunner.java:46)\n\tat org.testng.internal.TestInvoker$MethodInvocationAgent.invoke(TestInvoker.java:824)\n\tat org.testng.internal.TestInvoker.invokeTestMethods(TestInvoker.java:146)\n\tat org.testng.internal.TestMethodWorker.invokeTestMethods(TestMethodWorker.java:146)\n\tat org.testng.internal.TestMethodWorker.run(TestMethodWorker.java:128)\n\tat java.base/java.util.ArrayList.forEach(ArrayList.java:1597)\n\tat org.testng.TestRunner.privateRun(TestRunner.java:794)\n\tat org.testng.TestRunner.run(TestRunner.java:596)\n\tat org.testng.SuiteRunner.runTest(SuiteRunner.java:377)\n\tat org.testng.SuiteRunner.runSequentially(SuiteRunner.java:371)\n\tat org.testng.SuiteRunner.privateRun(SuiteRunner.java:332)\n\tat org.testng.SuiteRunner.run(SuiteRunner.java:276)\n\tat org.testng.SuiteRunnerWorker.runSuite(SuiteRunnerWorker.java:53)\n\tat org.testng.SuiteRunnerWorker.run(SuiteRunnerWorker.java:96)\n\tat org.testng.TestNG.runSuitesSequentially(TestNG.java:1212)\n\tat org.testng.TestNG.runSuitesSequentially(TestNG.java:1207)\n\tat org.testng.TestNG.runSuitesLocally(TestNG.java:1134)\n\tat org.testng.TestNG.runSuites(TestNG.java:1063)\n\tat org.testng.TestNG.run(TestNG.java:1031)\n\tat org.apache.maven.surefire.testng.TestNGExecutor.run(TestNGExecutor.java:281)\n\tat org.apache.maven.surefire.testng.TestNGXmlTestSuite.execute(TestNGXmlTestSuite.java:75)\n\tat org.apache.maven.surefire.testng.TestNGProvider.invoke(TestNGProvider.java:121)\n\tat org.apache.maven.surefire.booter.ForkedBooter.invokeProviderInSameClassLoader(ForkedBooter.java:290)\n\tat org.apache.maven.surefire.booter.ForkedBooter.runSuitesInProcess(ForkedBooter.java:242)\n\tat org.apache.maven.surefire.booter.ForkedBooter.main(ForkedBooter.java:121)\n","flaky":true,"newFailed":true,"newBroken":false,"newPassed":false,"retriesCount":0,"retriesStatusChange":false,"beforeStages":[{"name":"setup","time":{"start":1736790103328,"stop":1736790103606,"duration":278},"description":"","status":"passed","steps":[{"name":"Open browser","time":{"start":1736790103328,"stop":1736790103606,"duration":278},"status":"passed","steps":[],"attachments":[],"parameters":[{"name":"browser","value":"chrome"},{"name":"context","value":"org.testng.TestRunner@55b78dad"}],"shouldDisplayMessage":false,"stepsCount":0,"attachmentsCount":0,"hasContent":true,"attachmentStep":false}],"attachments":[],"parameters":[],"shouldDisplayMessage":false,"stepsCount":1,"attachmentsCount":0,"hasContent":true,"attachmentStep":false},{"name":"openPage","time":{"start":1736790103606,"stop":1736790104712,"duration":1106},"description":"","status":"passed","steps":[{"name":"Open Projects Page","time":{"start":1736790103607,"stop":1736790104712,"duration":1105},"status":"passed","steps":[],"attachments":[],"parameters":[],"shouldDisplayMessage":false,"stepsCount":0,"attachmentsCount":0,"hasContent":false,"attachmentStep":false}],"attachments":[],"parameters":[],"shouldDisplayMessage":false,"stepsCount":1,"attachmentsCount":0,"hasContent":true,"attachmentStep":false},{"name":"executePreconditions","time":{"start":1736790104713,"stop":1736790119039,"duration":14326},"description":"","status":"passed","steps":[{"name":"Doing login as precondition","time":{"start":1736790104713,"stop":1736790119039,"duration":14326},"status":"passed","steps":[],"attachments":[],"parameters":[{"name":"method","value":"public void tests.ProjectsPageTest.createProjectTest()"}],"shouldDisplayMessage":false,"stepsCount":0,"attachmentsCount":0,"hasContent":true,"attachmentStep":false}],"attachments":[],"parameters":[],"shouldDisplayMessage":false,"stepsCount":1,"attachmentsCount":0,"hasContent":true,"attachmentStep":false}],"testStage":{"description":"#5 Test create project","status":"failed","statusMessage":"Created project wasn't found in projects list expected [true] but found [false]","statusTrace":"java.lang.AssertionError: Created project wasn't found in projects list expected [true] but found [false]\n\tat org.testng.Assert.fail(Assert.java:99)\n\tat org.testng.Assert.failNotEquals(Assert.java:1037)\n\tat org.testng.Assert.assertTrue(Assert.java:45)\n\tat tests.ProjectsPageTest.createProjectTest(ProjectsPageTest.java:36)\n\tat java.base/jdk.internal.reflect.DirectMethodHandleAccessor.invoke(DirectMethodHandleAccessor.java:103)\n\tat java.base/java.lang.reflect.Method.invoke(Method.java:580)\n\tat org.testng.internal.MethodInvocationHelper.invokeMethod(MethodInvocationHelper.java:133)\n\tat org.testng.internal.TestInvoker.invokeMethod(TestInvoker.java:598)\n\tat org.testng.internal.TestInvoker.invokeTestMethod(TestInvoker.java:173)\n\tat org.testng.internal.MethodRunner.runInSequence(MethodRunner.java:46)\n\tat org.testng.internal.TestInvoker$MethodInvocationAgent.invoke(TestInvoker.java:824)\n\tat org.testng.internal.TestInvoker.invokeTestMethods(TestInvoker.java:146)\n\tat org.testng.internal.TestMethodWorker.invokeTestMethods(TestMethodWorker.java:146)\n\tat org.testng.internal.TestMethodWorker.run(TestMethodWorker.java:128)\n\tat java.base/java.util.ArrayList.forEach(ArrayList.java:1597)\n\tat org.testng.TestRunner.privateRun(TestRunner.java:794)\n\tat org.testng.TestRunner.run(TestRunner.java:596)\n\tat org.testng.SuiteRunner.runTest(SuiteRunner.java:377)\n\tat org.testng.SuiteRunner.runSequentially(SuiteRunner.java:371)\n\tat org.testng.SuiteRunner.privateRun(SuiteRunner.java:332)\n\tat org.testng.SuiteRunner.run(SuiteRunner.java:276)\n\tat org.testng.SuiteRunnerWorker.runSuite(SuiteRunnerWorker.java:53)\n\tat org.testng.SuiteRunnerWorker.run(SuiteRunnerWorker.java:96)\n\tat org.testng.TestNG.runSuitesSequentially(TestNG.java:1212)\n\tat org.testng.TestNG.runSuitesSequentially(TestNG.java:1207)\n\tat org.testng.TestNG.runSuitesLocally(TestNG.java:1134)\n\tat org.testng.TestNG.runSuites(TestNG.java:1063)\n\tat org.testng.TestNG.run(TestNG.java:1031)\n\tat org.apache.maven.surefire.testng.TestNGExecutor.run(TestNGExecutor.java:281)\n\tat org.apache.maven.surefire.testng.TestNGXmlTestSuite.execute(TestNGXmlTestSuite.java:75)\n\tat org.apache.maven.surefire.testng.TestNGProvider.invoke(TestNGProvider.java:121)\n\tat org.apache.maven.surefire.booter.ForkedBooter.invokeProviderInSameClassLoader(ForkedBooter.java:290)\n\tat org.apache.maven.surefire.booter.ForkedBooter.runSuitesInProcess(ForkedBooter.java:242)\n\tat org.apache.maven.surefire.booter.ForkedBooter.main(ForkedBooter.java:121)\n","steps":[],"attachments":[{"uid":"2261a9ca6a465b08","name":"screenshot","source":"2261a9ca6a465b08.png","type":"image/png","size":73352}],"parameters":[],"shouldDisplayMessage":true,"stepsCount":0,"attachmentsCount":1,"hasContent":true,"attachmentStep":false},"afterStages":[{"name":"tearDown","time":{"start":1736790173498,"stop":1736790173595,"duration":97},"description":"","status":"passed","steps":[{"name":"Close browser","time":{"start":1736790173498,"stop":1736790173595,"duration":97},"status":"passed","steps":[],"attachments":[],"parameters":[],"shouldDisplayMessage":false,"stepsCount":0,"attachmentsCount":0,"hasContent":false,"attachmentStep":false}],"attachments":[],"parameters":[],"shouldDisplayMessage":false,"stepsCount":1,"attachmentsCount":0,"hasContent":true,"attachmentStep":false}],"labels":[{"name":"package","value":"tests.ProjectsPageTest"},{"name":"testClass","value":"tests.ProjectsPageTest"},{"name":"testMethod","value":"createProjectTest"},{"name":"parentSuite","value":"Projects page"},{"name":"suite","value":"#5 Test create project"},{"name":"subSuite","value":"tests.ProjectsPageTest"},{"name":"host","value":"fv-az564-213"},{"name":"thread","value":"2377@fv-az564-213.main(1)"},{"name":"framework","value":"testng"},{"name":"language","value":"java"},{"name":"resultFormat","value":"allure2"}],"parameters":[],"links":[],"hidden":false,"retry":false,"extra":{"severity":"normal","retries":[],"categories":[{"name":"Product defects","matchedStatuses":[],"flaky":false}],"history":{"statistic":{"failed":9,"broken":0,"skipped":0,"passed":6,"unknown":0,"total":15},"items":[{"uid":"b43b0754b1487373","reportUrl":"https://RomanIvanov-atom.github.io/QaseProject/56//#testresult/b43b0754b1487373","status":"passed","time":{"start":1736789513122,"stop":1736789558581,"duration":45459}},{"uid":"1346168180ef0a77","reportUrl":"https://RomanIvanov-atom.github.io/QaseProject/55//#testresult/1346168180ef0a77","status":"passed","time":{"start":1736789075147,"stop":1736789120440,"duration":45293}},{"uid":"43d6cfd582ade93e","reportUrl":"https://RomanIvanov-atom.github.io/QaseProject/54//#testresult/43d6cfd582ade93e","status":"passed","time":{"start":1736787147498,"stop":1736787192862,"duration":45364}},{"uid":"911570aa2eefe090","reportUrl":"https://RomanIvanov-atom.github.io/QaseProject/53//#testresult/911570aa2eefe090","status":"failed","statusDetails":"1 expectation failed.\nExpected status code <200> but was <404>.\n","time":{"start":1736786953579,"stop":1736787000007,"duration":46428}},{"uid":"76fcd6a6fcb96754","reportUrl":"https://RomanIvanov-atom.github.io/QaseProject/52//#testresult/76fcd6a6fcb96754","status":"failed","statusDetails":"1 expectation failed.\nExpected status code <200> but was <404>.\n","time":{"start":1736786529961,"stop":1736786575335,"duration":45374}},{"uid":"b8043e430142737a","reportUrl":"https://RomanIvanov-atom.github.io/QaseProject/51//#testresult/b8043e430142737a","status":"failed","statusDetails":"1 expectation failed.\nExpected status code <200> but was <404>.\n","time":{"start":1736785498448,"stop":1736785543758,"duration":45310}},{"uid":"228e9cd1b46df417","reportUrl":"https://RomanIvanov-atom.github.io/QaseProject/50//#testresult/228e9cd1b46df417","status":"failed","statusDetails":"1 expectation failed.\nExpected status code <200> but was <404>.\n","time":{"start":1736785188096,"stop":1736785233619,"duration":45523}},{"uid":"f1af3248db52b294","reportUrl":"https://RomanIvanov-atom.github.io/QaseProject/49//#testresult/f1af3248db52b294","status":"failed","statusDetails":"1 expectation failed.\nExpected status code <200> but was <404>.\n","time":{"start":1736784395338,"stop":1736784440548,"duration":45210}},{"uid":"5da7cd59d00a1c36","reportUrl":"https://RomanIvanov-atom.github.io/QaseProject/48//#testresult/5da7cd59d00a1c36","status":"failed","statusDetails":"Created project wasn't found in projects list expected [true] but found [false]","time":{"start":1736774324442,"stop":1736774378863,"duration":54421}},{"uid":"ec5879f72d3d9ad5","reportUrl":"https://RomanIvanov-atom.github.io/QaseProject/47//#testresult/ec5879f72d3d9ad5","status":"passed","time":{"start":1736774321964,"stop":1736774365320,"duration":43356}},{"uid":"4c535ed7d9aee15","reportUrl":"https://RomanIvanov-atom.github.io/QaseProject/46//#testresult/4c535ed7d9aee15","status":"passed","time":{"start":1736773646828,"stop":1736773690162,"duration":43334}},{"uid":"f4739d5ecd1769a1","reportUrl":"https://RomanIvanov-atom.github.io/QaseProject/46//#testresult/f4739d5ecd1769a1","status":"failed","statusDetails":"Projects Page was not loaded","time":{"start":1736773135956,"stop":1736773166661,"duration":30705}},{"uid":"b1fe83d9b19ade01","reportUrl":"https://RomanIvanov-atom.github.io/QaseProject/45//#testresult/b1fe83d9b19ade01","status":"passed","time":{"start":1736772422037,"stop":1736772465348,"duration":43311}},{"uid":"388fe8d53d92781f","reportUrl":"https://RomanIvanov-atom.github.io/QaseProject/45//#testresult/388fe8d53d92781f","status":"failed","statusDetails":"Projects Page was not loaded","time":{"start":1736772171629,"stop":1736772202523,"duration":30894}}]},"tags":[]},"source":"2b9b015b78595978.json","parameterValues":[]}